<?xml version="1.0" encoding="UTF-8"?>
<testsuite name="com.cloud.user.TestClass" tests="1" skipped="0" failures="0" errors="0" timestamp="2020-11-15T15:44:20" hostname="MacBook-Pro.local" time="0.516">
  <properties/>
  <testcase name="test2" classname="com.cloud.user.TestClass" time="0.516"/>
  <system-out><![CDATA[23:44:11.853 [Test worker] DEBUG org.springframework.test.context.junit4.SpringJUnit4ClassRunner - SpringJUnit4ClassRunner constructor called with [class com.cloud.user.TestClass]
23:44:11.859 [Test worker] DEBUG org.springframework.test.context.BootstrapUtils - Instantiating CacheAwareContextLoaderDelegate from class [org.springframework.test.context.cache.DefaultCacheAwareContextLoaderDelegate]
23:44:11.865 [Test worker] DEBUG org.springframework.test.context.BootstrapUtils - Instantiating BootstrapContext using constructor [public org.springframework.test.context.support.DefaultBootstrapContext(java.lang.Class,org.springframework.test.context.CacheAwareContextLoaderDelegate)]
23:44:11.902 [Test worker] DEBUG org.springframework.test.context.BootstrapUtils - Instantiating TestContextBootstrapper for test class [com.cloud.user.TestClass] from class [org.springframework.boot.test.context.SpringBootTestContextBootstrapper]
23:44:11.915 [Test worker] INFO org.springframework.boot.test.context.SpringBootTestContextBootstrapper - Neither @ContextConfiguration nor @ContextHierarchy found for test class [com.cloud.user.TestClass], using SpringBootContextLoader
23:44:11.918 [Test worker] DEBUG org.springframework.test.context.support.AbstractContextLoader - Did not detect default resource location for test class [com.cloud.user.TestClass]: class path resource [com/cloud/user/TestClass-context.xml] does not exist
23:44:11.918 [Test worker] DEBUG org.springframework.test.context.support.AbstractContextLoader - Did not detect default resource location for test class [com.cloud.user.TestClass]: class path resource [com/cloud/user/TestClassContext.groovy] does not exist
23:44:11.918 [Test worker] INFO org.springframework.test.context.support.AbstractContextLoader - Could not detect default resource locations for test class [com.cloud.user.TestClass]: no resource found for suffixes {-context.xml, Context.groovy}.
23:44:11.956 [Test worker] DEBUG org.springframework.test.context.support.ActiveProfilesUtils - Could not find an 'annotation declaring class' for annotation type [org.springframework.test.context.ActiveProfiles] and class [com.cloud.user.TestClass]
23:44:12.083 [Test worker] DEBUG org.springframework.boot.test.context.SpringBootTestContextBootstrapper - @TestExecutionListeners is not present for class [com.cloud.user.TestClass]: using defaults.
23:44:12.083 [Test worker] INFO org.springframework.boot.test.context.SpringBootTestContextBootstrapper - Loaded default TestExecutionListener class names from location [META-INF/spring.factories]: [org.springframework.boot.test.autoconfigure.restdocs.RestDocsTestExecutionListener, org.springframework.boot.test.autoconfigure.web.client.MockRestServiceServerResetTestExecutionListener, org.springframework.boot.test.autoconfigure.web.servlet.MockMvcPrintOnlyOnFailureTestExecutionListener, org.springframework.boot.test.autoconfigure.web.servlet.WebDriverTestExecutionListener, org.springframework.boot.test.autoconfigure.webservices.client.MockWebServiceServerTestExecutionListener, org.springframework.boot.test.mock.mockito.MockitoTestExecutionListener, org.springframework.boot.test.mock.mockito.ResetMocksTestExecutionListener, org.springframework.test.context.web.ServletTestExecutionListener, org.springframework.test.context.support.DirtiesContextBeforeModesTestExecutionListener, org.springframework.test.context.support.DependencyInjectionTestExecutionListener, org.springframework.test.context.support.DirtiesContextTestExecutionListener, org.springframework.test.context.transaction.TransactionalTestExecutionListener, org.springframework.test.context.jdbc.SqlScriptsTestExecutionListener, org.springframework.test.context.event.EventPublishingTestExecutionListener]
23:44:12.099 [Test worker] INFO org.springframework.boot.test.context.SpringBootTestContextBootstrapper - Using TestExecutionListeners: [org.springframework.test.context.web.ServletTestExecutionListener@531c959d, org.springframework.test.context.support.DirtiesContextBeforeModesTestExecutionListener@7fe29822, org.springframework.boot.test.mock.mockito.MockitoTestExecutionListener@2d2a281c, org.springframework.boot.test.autoconfigure.SpringBootDependencyInjectionTestExecutionListener@2ee53bc, org.springframework.test.context.support.DirtiesContextTestExecutionListener@35e99e01, org.springframework.test.context.transaction.TransactionalTestExecutionListener@5ea12316, org.springframework.test.context.jdbc.SqlScriptsTestExecutionListener@22b79a16, org.springframework.test.context.event.EventPublishingTestExecutionListener@52b44e4f, org.springframework.boot.test.autoconfigure.restdocs.RestDocsTestExecutionListener@2b54db8e, org.springframework.boot.test.autoconfigure.web.client.MockRestServiceServerResetTestExecutionListener@7c3af461, org.springframework.boot.test.autoconfigure.web.servlet.MockMvcPrintOnlyOnFailureTestExecutionListener@6243a6da, org.springframework.boot.test.autoconfigure.web.servlet.WebDriverTestExecutionListener@12f54aeb, org.springframework.boot.test.autoconfigure.webservices.client.MockWebServiceServerTestExecutionListener@1ff07b90, org.springframework.boot.test.mock.mockito.ResetMocksTestExecutionListener@34421df3]
23:44:12.101 [Test worker] DEBUG org.springframework.test.annotation.ProfileValueUtils - Retrieved @ProfileValueSourceConfiguration [null] for test class [com.cloud.user.TestClass]
23:44:12.102 [Test worker] DEBUG org.springframework.test.annotation.ProfileValueUtils - Retrieved ProfileValueSource type [class org.springframework.test.annotation.SystemProfileValueSource] for class [com.cloud.user.TestClass]
23:44:12.103 [Test worker] DEBUG org.springframework.test.annotation.ProfileValueUtils - Retrieved @ProfileValueSourceConfiguration [null] for test class [com.cloud.user.TestClass]
23:44:12.103 [Test worker] DEBUG org.springframework.test.annotation.ProfileValueUtils - Retrieved ProfileValueSource type [class org.springframework.test.annotation.SystemProfileValueSource] for class [com.cloud.user.TestClass]
23:44:12.105 [Test worker] DEBUG org.springframework.test.annotation.ProfileValueUtils - Retrieved @ProfileValueSourceConfiguration [null] for test class [com.cloud.user.TestClass]
23:44:12.105 [Test worker] DEBUG org.springframework.test.annotation.ProfileValueUtils - Retrieved ProfileValueSource type [class org.springframework.test.annotation.SystemProfileValueSource] for class [com.cloud.user.TestClass]
23:44:12.107 [Test worker] DEBUG org.springframework.test.annotation.ProfileValueUtils - Retrieved @ProfileValueSourceConfiguration [null] for test class [com.cloud.user.TestClass]
23:44:12.108 [Test worker] DEBUG org.springframework.test.annotation.ProfileValueUtils - Retrieved ProfileValueSource type [class org.springframework.test.annotation.SystemProfileValueSource] for class [com.cloud.user.TestClass]
23:44:12.108 [Test worker] DEBUG org.springframework.test.annotation.ProfileValueUtils - Retrieved @ProfileValueSourceConfiguration [null] for test class [com.cloud.user.TestClass]
23:44:12.108 [Test worker] DEBUG org.springframework.test.annotation.ProfileValueUtils - Retrieved ProfileValueSource type [class org.springframework.test.annotation.SystemProfileValueSource] for class [com.cloud.user.TestClass]
23:44:12.114 [Test worker] DEBUG org.springframework.test.context.support.AbstractDirtiesContextTestExecutionListener - Before test class: context [DefaultTestContext@1e73b36 testClass = TestClass, testInstance = [null], testMethod = [null], testException = [null], mergedContextConfiguration = [WebMergedContextConfiguration@5c0cfc6 testClass = TestClass, locations = '{}', classes = '{class com.cloud.UserApplication, class com.cloud.UserApplication}', contextInitializerClasses = '[]', activeProfiles = '{}', propertySourceLocations = '{}', propertySourceProperties = '{org.springframework.boot.test.context.SpringBootTestContextBootstrapper=true}', contextCustomizers = set[org.springframework.boot.test.autoconfigure.properties.PropertyMappingContextCustomizer@0, org.springframework.boot.test.autoconfigure.web.servlet.WebDriverContextCustomizerFactory$Customizer@6a97c77e, org.springframework.boot.test.context.filter.ExcludeFilterContextCustomizer@2c1c1d58, org.springframework.boot.test.json.DuplicateJsonObjectContextCustomizerFactory$DuplicateJsonObjectContextCustomizer@67f21bb1, org.springframework.boot.test.mock.mockito.MockitoContextCustomizer@0, org.springframework.boot.test.web.client.TestRestTemplateContextCustomizer@703b30f4, org.springframework.boot.test.web.reactive.server.WebTestClientContextCustomizer@4f9b3933, org.springframework.boot.test.context.SpringBootTestArgs@1], resourceBasePath = 'src/main/webapp', contextLoader = 'org.springframework.boot.test.context.SpringBootContextLoader', parent = [null]], attributes = map['org.springframework.test.context.web.ServletTestExecutionListener.activateListener' -> true]], class annotated with @DirtiesContext [false] with mode [null].
23:44:12.116 [Test worker] DEBUG org.springframework.test.annotation.ProfileValueUtils - Retrieved @ProfileValueSourceConfiguration [null] for test class [com.cloud.user.TestClass]
23:44:12.116 [Test worker] DEBUG org.springframework.test.annotation.ProfileValueUtils - Retrieved ProfileValueSource type [class org.springframework.test.annotation.SystemProfileValueSource] for class [com.cloud.user.TestClass]
23:44:12.140 [Test worker] DEBUG org.springframework.test.context.support.TestPropertySourceUtils - Adding inlined properties to environment: {spring.jmx.enabled=false, org.springframework.boot.test.context.SpringBootTestContextBootstrapper=true}

  .   ____          _            __ _ _
 /\\ / ___'_ __ _ _(_)_ __  __ _ \ \ \ \
( ( )\___ | '_ | '_| | '_ \/ _` | \ \ \ \
 \\/  ___)| |_)| | | | | || (_| |  ) ) ) )
  '  |____| .__|_| |_|_| |_\__, | / / / /
 =========|_|==============|___/=/_/_/_/
 :: Spring Boot ::        (v2.3.1.RELEASE)

2020-11-15 23:44:12.766  INFO 20297 --- [    Test worker] com.cloud.user.TestClass                 : The following profiles are active: dev
2020-11-15 23:44:13.701  INFO 20297 --- [    Test worker] .s.d.r.c.RepositoryConfigurationDelegate : Multiple Spring Data modules found, entering strict repository configuration mode!
2020-11-15 23:44:13.704  INFO 20297 --- [    Test worker] .s.d.r.c.RepositoryConfigurationDelegate : Bootstrapping Spring Data Redis repositories in DEFAULT mode.
2020-11-15 23:44:13.731  INFO 20297 --- [    Test worker] .s.d.r.c.RepositoryConfigurationDelegate : Finished Spring Data repository scanning in 14ms. Found 0 Redis repository interfaces.
2020-11-15 23:44:14.070  INFO 20297 --- [    Test worker] o.s.cloud.context.scope.GenericScope     : BeanFactory id=d488275e-1279-3397-83a5-80ab4c6df497
2020-11-15 23:44:14.297  INFO 20297 --- [    Test worker] trationDelegate$BeanPostProcessorChecker : Bean 'com.cloud.user.StaticFeignClient' of type [org.springframework.cloud.openfeign.FeignClientFactoryBean] is not eligible for getting processed by all BeanPostProcessors (for example: not eligible for auto-proxying)
2020-11-15 23:44:14.303  INFO 20297 --- [    Test worker] trationDelegate$BeanPostProcessorChecker : Bean 'com.jarvis.cache.autoconfigure.DistributedLockConfiguration' of type [com.jarvis.cache.autoconfigure.DistributedLockConfiguration$$EnhancerBySpringCGLIB$$58d2bd47] is not eligible for getting processed by all BeanPostProcessors (for example: not eligible for auto-proxying)
2020-11-15 23:44:14.319  INFO 20297 --- [    Test worker] trationDelegate$BeanPostProcessorChecker : Bean 'spring.redis-org.springframework.boot.autoconfigure.data.redis.RedisProperties' of type [org.springframework.boot.autoconfigure.data.redis.RedisProperties] is not eligible for getting processed by all BeanPostProcessors (for example: not eligible for auto-proxying)
2020-11-15 23:44:14.324  INFO 20297 --- [    Test worker] trationDelegate$BeanPostProcessorChecker : Bean 'org.springframework.boot.autoconfigure.data.redis.LettuceConnectionConfiguration' of type [org.springframework.boot.autoconfigure.data.redis.LettuceConnectionConfiguration] is not eligible for getting processed by all BeanPostProcessors (for example: not eligible for auto-proxying)
2020-11-15 23:44:14.588  INFO 20297 --- [    Test worker] trationDelegate$BeanPostProcessorChecker : Bean 'lettuceClientResources' of type [io.lettuce.core.resource.DefaultClientResources] is not eligible for getting processed by all BeanPostProcessors (for example: not eligible for auto-proxying)
2020-11-15 23:44:14.699  INFO 20297 --- [    Test worker] trationDelegate$BeanPostProcessorChecker : Bean 'redisConnectionFactory' of type [org.springframework.data.redis.connection.lettuce.LettuceConnectionFactory] is not eligible for getting processed by all BeanPostProcessors (for example: not eligible for auto-proxying)
2020-11-15 23:44:14.709  INFO 20297 --- [    Test worker] trationDelegate$BeanPostProcessorChecker : Bean 'autoLoadCacheDistributedLock' of type [com.jarvis.cache.redis.SpringRedisLock] is not eligible for getting processed by all BeanPostProcessors (for example: not eligible for auto-proxying)
2020-11-15 23:44:14.720  INFO 20297 --- [    Test worker] trationDelegate$BeanPostProcessorChecker : Bean 'autoload.cache-com.jarvis.cache.autoconfigure.AutoloadCacheProperties' of type [com.jarvis.cache.autoconfigure.AutoloadCacheProperties] is not eligible for getting processed by all BeanPostProcessors (for example: not eligible for auto-proxying)
2020-11-15 23:44:14.721  INFO 20297 --- [    Test worker] trationDelegate$BeanPostProcessorChecker : Bean 'com.jarvis.cache.autoconfigure.AutoloadCacheAutoConfigure' of type [com.jarvis.cache.autoconfigure.AutoloadCacheAutoConfigure$$EnhancerBySpringCGLIB$$9f109ba9] is not eligible for getting processed by all BeanPostProcessors (for example: not eligible for auto-proxying)
2020-11-15 23:44:15.050  INFO 20297 --- [    Test worker] trationDelegate$BeanPostProcessorChecker : Bean 'com.jarvis.cache.autoconfigure.AutoloadCacheManageConfiguration' of type [com.jarvis.cache.autoconfigure.AutoloadCacheManageConfiguration$$EnhancerBySpringCGLIB$$2c50b103] is not eligible for getting processed by all BeanPostProcessors (for example: not eligible for auto-proxying)
2020-11-15 23:44:15.077  INFO 20297 --- [    Test worker] trationDelegate$BeanPostProcessorChecker : Bean 'autoLoadCacheConfig' of type [com.cloud.user.config.AutoLoadCacheConfig$$EnhancerBySpringCGLIB$$ba1f2a40] is not eligible for getting processed by all BeanPostProcessors (for example: not eligible for auto-proxying)
2020-11-15 23:44:15.095  INFO 20297 --- [    Test worker] trationDelegate$BeanPostProcessorChecker : Bean 'autoloadCacheSerializer' of type [com.jarvis.cache.serializer.FastjsonSerializer] is not eligible for getting processed by all BeanPostProcessors (for example: not eligible for auto-proxying)
2020-11-15 23:44:15.434  INFO 20297 --- [    Test worker] trationDelegate$BeanPostProcessorChecker : Bean 'autoloadCacheCacheManager' of type [com.jarvis.cache.redis.SpringRedisCacheManager] is not eligible for getting processed by all BeanPostProcessors (for example: not eligible for auto-proxying)
2020-11-15 23:44:15.456  INFO 20297 --- [    Test worker] trationDelegate$BeanPostProcessorChecker : Bean 'autoloadCacheScriptParser' of type [com.jarvis.cache.script.SpringELParser] is not eligible for getting processed by all BeanPostProcessors (for example: not eligible for auto-proxying)
2020-11-15 23:44:15.483  INFO 20297 --- [    Test worker] trationDelegate$BeanPostProcessorChecker : Bean 'autoloadCacheHandler' of type [com.jarvis.cache.CacheHandler] is not eligible for getting processed by all BeanPostProcessors (for example: not eligible for auto-proxying)
2020-11-15 23:44:15.505  INFO 20297 --- [    Test worker] trationDelegate$BeanPostProcessorChecker : Bean 'autoloadCacheDeleteTransactionalInterceptor' of type [com.jarvis.cache.interceptor.CacheDeleteTransactionalInterceptor] is not eligible for getting processed by all BeanPostProcessors (for example: not eligible for auto-proxying)
2020-11-15 23:44:15.510  INFO 20297 --- [    Test worker] trationDelegate$BeanPostProcessorChecker : Bean 'autoloadCacheDeleteTransactionalAdvisor' of type [com.jarvis.cache.autoconfigure.MethodAnnotationPointcutAdvisor] is not eligible for getting processed by all BeanPostProcessors (for example: not eligible for auto-proxying)
2020-11-15 23:44:15.513  INFO 20297 --- [    Test worker] trationDelegate$BeanPostProcessorChecker : Bean 'autoloadCacheDeleteInterceptor' of type [com.jarvis.cache.interceptor.CacheDeleteInterceptor] is not eligible for getting processed by all BeanPostProcessors (for example: not eligible for auto-proxying)
2020-11-15 23:44:15.514  INFO 20297 --- [    Test worker] trationDelegate$BeanPostProcessorChecker : Bean 'autoloadCacheDeleteAdvisor' of type [com.jarvis.cache.autoconfigure.MethodAnnotationPointcutAdvisor] is not eligible for getting processed by all BeanPostProcessors (for example: not eligible for auto-proxying)
2020-11-15 23:44:15.517  INFO 20297 --- [    Test worker] trationDelegate$BeanPostProcessorChecker : Bean 'autoloadCacheMethodInterceptor' of type [com.jarvis.cache.interceptor.CacheMethodInterceptor] is not eligible for getting processed by all BeanPostProcessors (for example: not eligible for auto-proxying)
2020-11-15 23:44:15.518  INFO 20297 --- [    Test worker] trationDelegate$BeanPostProcessorChecker : Bean 'autoloadCacheAdvisor' of type [com.jarvis.cache.autoconfigure.MethodAnnotationPointcutAdvisor] is not eligible for getting processed by all BeanPostProcessors (for example: not eligible for auto-proxying)
2020-11-15 23:44:15.541  INFO 20297 --- [    Test worker] trationDelegate$BeanPostProcessorChecker : Bean 'org.springframework.security.access.expression.method.DefaultMethodSecurityExpressionHandler@66b8169d' of type [org.springframework.security.oauth2.provider.expression.OAuth2MethodSecurityExpressionHandler] is not eligible for getting processed by all BeanPostProcessors (for example: not eligible for auto-proxying)
2020-11-15 23:44:15.569  INFO 20297 --- [    Test worker] trationDelegate$BeanPostProcessorChecker : Bean 'methodSecurityMetadataSource' of type [org.springframework.security.access.method.DelegatingMethodSecurityMetadataSource] is not eligible for getting processed by all BeanPostProcessors (for example: not eligible for auto-proxying)
2020-11-15 23:44:15.603  INFO 20297 --- [    Test worker] trationDelegate$BeanPostProcessorChecker : Bean 'org.springframework.cloud.client.loadbalancer.reactive.LoadBalancerBeanPostProcessorAutoConfiguration' of type [org.springframework.cloud.client.loadbalancer.reactive.LoadBalancerBeanPostProcessorAutoConfiguration] is not eligible for getting processed by all BeanPostProcessors (for example: not eligible for auto-proxying)
2020-11-15 23:44:15.606  INFO 20297 --- [    Test worker] trationDelegate$BeanPostProcessorChecker : Bean 'org.springframework.cloud.client.loadbalancer.reactive.LoadBalancerBeanPostProcessorAutoConfiguration$ReactiveLoadBalancerConfig' of type [org.springframework.cloud.client.loadbalancer.reactive.LoadBalancerBeanPostProcessorAutoConfiguration$ReactiveLoadBalancerConfig] is not eligible for getting processed by all BeanPostProcessors (for example: not eligible for auto-proxying)
2020-11-15 23:44:15.610  INFO 20297 --- [    Test worker] trationDelegate$BeanPostProcessorChecker : Bean 'deferringLoadBalancerExchangeFilterFunction' of type [org.springframework.cloud.client.loadbalancer.reactive.DeferringLoadBalancerExchangeFilterFunction] is not eligible for getting processed by all BeanPostProcessors (for example: not eligible for auto-proxying)
2020-11-15 23:44:16.864  WARN 20297 --- [    Test worker] c.n.c.sources.URLConfigurationSource     : No URLs will be polled as dynamic configuration sources.
2020-11-15 23:44:16.864  INFO 20297 --- [    Test worker] c.n.c.sources.URLConfigurationSource     : To enable URLs as dynamic configuration sources, define System property archaius.configurationSource.additionalUrls or make config.properties available on classpath.
2020-11-15 23:44:16.870  WARN 20297 --- [    Test worker] c.n.c.sources.URLConfigurationSource     : No URLs will be polled as dynamic configuration sources.
2020-11-15 23:44:16.870  INFO 20297 --- [    Test worker] c.n.c.sources.URLConfigurationSource     : To enable URLs as dynamic configuration sources, define System property archaius.configurationSource.additionalUrls or make config.properties available on classpath.
2020-11-15 23:44:17.478  INFO 20297 --- [    Test worker] o.s.s.concurrent.ThreadPoolTaskExecutor  : Initializing ExecutorService 'applicationTaskExecutor'
2020-11-15 23:44:18.884  INFO 20297 --- [    Test worker] .s.s.UserDetailsServiceAutoConfiguration : 

Using generated security password: 67e709bf-cad4-46ad-a1d7-c145ad059bc2

2020-11-15 23:44:19.218  INFO 20297 --- [    Test worker] o.s.s.web.DefaultSecurityFilterChain     : Creating filter chain: any request, [org.springframework.security.web.context.request.async.WebAsyncManagerIntegrationFilter@58cf6e16, org.springframework.security.web.context.SecurityContextPersistenceFilter@7eba930, org.springframework.security.web.header.HeaderWriterFilter@5e0f414c, org.springframework.security.web.authentication.logout.LogoutFilter@3c9334e1, org.springframework.security.oauth2.provider.authentication.OAuth2AuthenticationProcessingFilter@6779a6f9, org.springframework.security.web.savedrequest.RequestCacheAwareFilter@10e6e6bf, org.springframework.security.web.servletapi.SecurityContextHolderAwareRequestFilter@578a96f8, org.springframework.security.web.authentication.AnonymousAuthenticationFilter@477ec773, org.springframework.security.web.session.SessionManagementFilter@12acb48, org.springframework.security.web.access.ExceptionTranslationFilter@25cb017d, org.springframework.security.web.access.intercept.FilterSecurityInterceptor@25d06a59]
2020-11-15 23:44:20.113  WARN 20297 --- [    Test worker] s.o.SpringCloudSecurityAutoConfiguration : All Spring Cloud Security modules and starters are deprecated. They will be moved to individual projects in the next major release.
2020-11-15 23:44:20.129  INFO 20297 --- [    Test worker] o.s.b.a.e.web.EndpointLinksResolver      : Exposing 2 endpoint(s) beneath base path '/actuator'
2020-11-15 23:44:20.249  INFO 20297 --- [    Test worker] com.cloud.user.TestClass                 : Started TestClass in 8.098 seconds (JVM running for 8.957)
[Business(value=a, valueName=A, value2=c, valueName2=C, value3=d, valueName3=D), Business(value=c, valueName=C, value2=b, valueName2=B, value3=x, valueName3=null)]
]]></system-out>
  <system-err><![CDATA[]]></system-err>
</testsuite>
